<?xml version="1.0" encoding="UTF-8"?>
<!-- Generated by org.testng.reporters.JUnitReportReporter -->
<testsuite skipped="0" hostname="PPHATANK-LAP" name="TestNG_OBDX.OBDX_WMS" tests="1" failures="0" timestamp="2019-11-20T16:11:34 IST" time="0.011" errors="0">
  <testcase name="OBDX_WMS_Purchase_Onetime" time="0.011" classname="TestNG_OBDX.OBDX_WMS"/>
</testsuite> <!-- TestNG_OBDX.OBDX_WMS -->
