<?xml version="1.0" encoding="UTF-8"?>
<!-- Generated by org.testng.reporters.JUnitReportReporter -->
<testsuite skipped="0" hostname="PPHATANK-LAP" name="testNG_OBDX.Priority_In_testNG" tests="3" failures="0" timestamp="2019-11-20T21:22:02 IST" time="115.753" errors="0">
  <testcase name="purchase" time="102.407" classname="testNG_OBDX.Priority_In_testNG"/>
  <testcase name="launchFB" time="7.136" classname="testNG_OBDX.Priority_In_testNG"/>
  <testcase name="launchGoogle" time="6.210" classname="testNG_OBDX.Priority_In_testNG"/>
</testsuite> <!-- testNG_OBDX.Priority_In_testNG -->
