<?xml version="1.0" encoding="UTF-8"?>
<!-- Generated by org.testng.reporters.JUnitReportReporter -->
<testsuite skipped="0" hostname="PPHATANK-LAP" name="testNG_OBDX.Bill_Payment" tests="1" failures="0" timestamp="2020-09-07T17:55:56 IST" time="80.369" errors="0">
  <testcase name="AddBiller" time="80.369" classname="testNG_OBDX.Bill_Payment"/>
  <system-out/>
</testsuite> <!-- testNG_OBDX.Bill_Payment -->
