<?xml version="1.0" encoding="UTF-8"?>
<!-- Generated by org.testng.reporters.JUnitReportReporter -->
<testsuite skipped="0" hostname="PPHATANK-LAP" name="testNG_OBDX.WMS_Redeem_3" tests="1" failures="0" timestamp="2020-09-08T03:15:01 IST" time="98.331" errors="0">
  <testcase name="WMSRedeemByAll" time="98.331" classname="testNG_OBDX.WMS_Redeem_3"/>
  <system-out/>
</testsuite> <!-- testNG_OBDX.WMS_Redeem_3 -->
