<?xml version="1.0" encoding="UTF-8"?>
<!-- Generated by org.testng.reporters.JUnitReportReporter -->
<testsuite skipped="0" hostname="PPHATANK-LAP" name="testNG_OBDX.RD" tests="1" failures="0" timestamp="2020-09-06T19:08:30 IST" time="88.954" errors="0">
  <testcase name="OpenQuickFD" time="88.954" classname="testNG_OBDX.RD"/>
  <system-out/>
</testsuite> <!-- testNG_OBDX.RD -->
