<?xml version="1.0" encoding="UTF-8"?>
<!-- Generated by org.testng.reporters.JUnitReportReporter -->
<testsuite skipped="0" hostname="PPHATANK-LAP" name="testNG_OBDX.WMS_Redeem_2" tests="1" failures="0" timestamp="2020-09-08T02:52:27 IST" time="96.128" errors="0">
  <testcase name="WMSRedeemByAmount" time="96.128" classname="testNG_OBDX.WMS_Redeem_2"/>
  <system-out/>
</testsuite> <!-- testNG_OBDX.WMS_Redeem_2 -->
