<?xml version="1.0" encoding="UTF-8"?>
<!-- Generated by org.testng.reporters.JUnitReportReporter -->
<testsuite skipped="0" hostname="PPHATANK-LAP" name="testNG_OBDX.CRM" tests="3" failures="0" timestamp="2020-09-09T02:25:06 IST" time="264.238" errors="0">
  <testcase name="CRM_Other_Request" time="83.058" classname="testNG_OBDX.CRM"/>
  <system-out/>
  <testcase name="CRM_ApplyForProductAndServices" time="84.238" classname="testNG_OBDX.CRM"/>
  <system-out/>
  <testcase name="CRM_Report_Fraud" time="96.942" classname="testNG_OBDX.CRM"/>
  <system-out/>
</testsuite> <!-- testNG_OBDX.CRM -->
