<?xml version="1.0" encoding="UTF-8"?>
<!-- Generated by org.testng.reporters.JUnitReportReporter -->
<testsuite skipped="0" hostname="PPHATANK-LAP" name="testNG_OBDX.WMS_REDEEM" tests="4" failures="0" timestamp="2019-12-18T14:38:32 IST" time="307.129" errors="0">
  <testcase name="WMSRedeemByAmount" time="75.444" classname="testNG_OBDX.WMS_REDEEM"/>
  <testcase name="WMSRedeemByUnits" time="73.749" classname="testNG_OBDX.WMS_REDEEM"/>
  <testcase name="WMSRedeemBySwp" time="79.938" classname="testNG_OBDX.WMS_REDEEM"/>
  <testcase name="WMSRedeemAll" time="77.998" classname="testNG_OBDX.WMS_REDEEM"/>
</testsuite> <!-- testNG_OBDX.WMS_REDEEM -->
