<?xml version="1.0" encoding="UTF-8"?>
<!-- Generated by org.testng.reporters.JUnitReportReporter -->
<testsuite skipped="0" hostname="PPHATANK-LAP" name="testNG_OBDX.WMS_SWITCH" tests="3" failures="0" timestamp="2019-12-18T14:38:32 IST" time="347.730" errors="0">
  <testcase name="WMSRecurringSwitchPstp" time="121.139" classname="testNG_OBDX.WMS_SWITCH"/>
  <testcase name="WMSRecurringSwitchStp" time="119.387" classname="testNG_OBDX.WMS_SWITCH"/>
  <testcase name="WMSOnetimeSwitch" time="107.204" classname="testNG_OBDX.WMS_SWITCH"/>
</testsuite> <!-- testNG_OBDX.WMS_SWITCH -->
