<?xml version="1.0" encoding="UTF-8"?>
<!-- Generated by org.testng.reporters.JUnitReportReporter -->
<testsuite skipped="0" hostname="PPHATANK-LAP" name="test.day2" tests="1" failures="0" timestamp="2020-05-14T14:47:40 IST" time="0.001" errors="0">
  <testcase name="Ploan" time="0.001" classname="test.day2"/>
  <system-out/>
</testsuite> <!-- test.day2 -->
