<?xml version="1.0" encoding="UTF-8"?>
<!-- Generated by org.testng.reporters.JUnitReportReporter -->
<testsuite skipped="0" hostname="PPHATANK-LAP" name="test.day4" tests="2" failures="0" timestamp="2020-09-18T04:18:35 IST" time="0.004" errors="0">
  <testcase name="Mobloginhome" time="0.002" classname="test.day4"/>
  <system-out/>
  <testcase name="LoginAPIhome" time="0.002" classname="test.day4"/>
  <system-out/>
</testsuite> <!-- test.day4 -->
