<?xml version="1.0" encoding="UTF-8"?>
<!-- Generated by org.testng.reporters.JUnitReportReporter -->
<testsuite skipped="0" hostname="PPHATANK-LAP" name="testNG_OBDX.TaxPayment" tests="1" failures="0" timestamp="2020-09-07T17:13:36 IST" time="63.027" errors="0">
  <testcase name="RegProfDirTaxPayment" time="63.027" classname="testNG_OBDX.TaxPayment"/>
  <system-out/>
</testsuite> <!-- testNG_OBDX.TaxPayment -->
