<?xml version="1.0" encoding="UTF-8"?>
<!-- Generated by org.testng.reporters.JUnitReportReporter -->
<testsuite skipped="0" hostname="PPHATANK-LAP" name="testNG_OBDX.DEPOSITS" tests="2" failures="0" timestamp="2020-09-05T16:17:08 IST" time="184.986" errors="0">
  <testcase name="BreakRD" time="85.953" classname="testNG_OBDX.DEPOSITS"/>
  <system-out/>
  <testcase name="BreakFD" time="99.033" classname="testNG_OBDX.DEPOSITS"/>
  <system-out/>
</testsuite> <!-- testNG_OBDX.DEPOSITS -->
