<?xml version="1.0" encoding="UTF-8"?>
<!-- Generated by org.testng.reporters.JUnitReportReporter -->
<testsuite skipped="0" hostname="PPHATANK-LAP" name="testNG_OBDX.WMS_Redeem_4" tests="1" failures="0" timestamp="2020-09-08T03:32:30 IST" time="101.743" errors="0">
  <testcase name="WMSRedeemBySWP" time="101.743" classname="testNG_OBDX.WMS_Redeem_4"/>
  <system-out/>
</testsuite> <!-- testNG_OBDX.WMS_Redeem_4 -->
