<?xml version="1.0" encoding="UTF-8"?>
<!-- Generated by org.testng.reporters.JUnitReportReporter -->
<testsuite skipped="0" hostname="PPHATANK-LAP" name="testNG_OBDX.WMS" tests="1" failures="0" timestamp="2020-09-09T02:11:52 IST" time="147.863" errors="0">
  <testcase name="Recurring_Switch_STP" time="147.863" classname="testNG_OBDX.WMS"/>
  <system-out/>
</testsuite> <!-- testNG_OBDX.WMS -->
